<?xml version="1.0" encoding="UTF-8"?>
<!-- Generated by org.testng.reporters.JUnitReportReporter -->
<testsuite hostname="Annu" failures="0" tests="1" name="testPackageSouceDemo.TC02_SingleProductAddtoCart" time="12.761" errors="0" timestamp="2022-05-31T16:48:05 IST" skipped="0">
  <testcase classname="testPackageSouceDemo.TC02_SingleProductAddtoCart" name="singleproduct" time="12.761"/>
  <system-out/>
</testsuite> <!-- testPackageSouceDemo.TC02_SingleProductAddtoCart -->
