<?xml version="1.0" encoding="UTF-8"?>
<!-- Generated by org.testng.reporters.JUnitReportReporter -->
<testsuite hostname="Annu" failures="0" tests="1" name="testPackageSouceDemo.TC04_LogoutFunctionality" time="5.875" errors="0" timestamp="2022-05-31T15:23:40 IST" skipped="0">
  <testcase classname="testPackageSouceDemo.TC04_LogoutFunctionality" name="logoutFunctionality" time="5.875"/>
  <system-out/>
</testsuite> <!-- testPackageSouceDemo.TC04_LogoutFunctionality -->
